{"D:\\afanti\\demos\\npm_packages\\npm_package_study\\src\\index.ts": {"path":"D:\\afanti\\demos\\npm_packages\\npm_package_study\\src\\index.ts","statementMap":{"0":{"start":{"line":1,"column":0},"end":{"line":1,"column":7}},"1":{"start":{"line":19,"column":9},"end":{"line":1,"column":51}},"2":{"start":{"line":2,"column":0},"end":{"line":2,"column":7}},"3":{"start":{"line":19,"column":18},"end":{"line":2,"column":51}},"4":{"start":{"line":3,"column":0},"end":{"line":3,"column":7}},"5":{"start":{"line":19,"column":35},"end":{"line":3,"column":51}},"6":{"start":{"line":4,"column":0},"end":{"line":4,"column":7}},"7":{"start":{"line":19,"column":27},"end":{"line":4,"column":54}},"8":{"start":{"line":5,"column":0},"end":{"line":5,"column":7}},"9":{"start":{"line":19,"column":43},"end":{"line":5,"column":51}},"10":{"start":{"line":6,"column":0},"end":{"line":6,"column":7}},"11":{"start":{"line":19,"column":51},"end":{"line":6,"column":55}},"12":{"start":{"line":8,"column":19},"end":{"line":8,"column":45}},"13":{"start":{"line":11,"column":16},"end":{"line":16,"column":1}},"14":{"start":{"line":12,"column":2},"end":{"line":15,"column":5}},"15":{"start":{"line":13,"column":4},"end":{"line":13,"column":54}},"16":{"start":{"line":14,"column":4},"end":{"line":14,"column":55}},"17":{"start":{"line":20,"column":0},"end":{"line":22,"column":2}}},"fnMap":{"0":{"name":"(anonymous_1)","decl":{"start":{"line":11,"column":16},"end":{"line":11,"column":17}},"loc":{"start":{"line":11,"column":30},"end":{"line":16,"column":1}}},"1":{"name":"(anonymous_2)","decl":{"start":{"line":12,"column":21},"end":{"line":12,"column":22}},"loc":{"start":{"line":12,"column":35},"end":{"line":15,"column":3}}}},"branchMap":{},"s":{"0":2,"1":2,"2":2,"3":2,"4":2,"5":2,"6":2,"7":2,"8":2,"9":2,"10":2,"11":2,"12":2,"13":2,"14":0,"15":0,"16":0,"17":2},"f":{"0":0,"1":0},"b":{}}
,"D:\\afanti\\demos\\npm_packages\\npm_package_study\\src\\components\\Button\\index.vue": {"path":"D:\\afanti\\demos\\npm_packages\\npm_package_study\\src\\components\\Button\\index.vue","statementMap":{"0":{"start":{"line":20,"column":0},"end":{"line":20,"column":null}},"1":{"start":{"line":21,"column":0},"end":{"line":21,"column":15}},"2":{"start":{"line":21,"column":20},"end":{"line":21,"column":36}}},"fnMap":{},"branchMap":{},"s":{"0":10,"1":5,"2":5},"f":{},"b":{}}
,"D:\\afanti\\demos\\npm_packages\\npm_package_study\\src\\components\\Confirm\\confirm.ts": {"path":"D:\\afanti\\demos\\npm_packages\\npm_package_study\\src\\components\\Confirm\\confirm.ts","statementMap":{"0":{"start":{"line":1,"column":0},"end":{"line":1,"column":42}},"1":{"start":{"line":2,"column":0},"end":{"line":2,"column":34}},"2":{"start":{"line":10,"column":12},"end":{"line":10,"column":41}},"3":{"start":{"line":11,"column":0},"end":{"line":11,"column":47}},"4":{"start":{"line":12,"column":0},"end":{"line":12,"column":31}},"5":{"start":{"line":14,"column":16},"end":{"line":34,"column":1}},"6":{"start":{"line":15,"column":26},"end":{"line":15,"column":33}},"7":{"start":{"line":18,"column":2},"end":{"line":33,"column":5}},"8":{"start":{"line":20,"column":20},"end":{"line":23,"column":5}},"9":{"start":{"line":21,"column":6},"end":{"line":21,"column":24}},"10":{"start":{"line":22,"column":6},"end":{"line":22,"column":21}},"11":{"start":{"line":24,"column":21},"end":{"line":27,"column":5}},"12":{"start":{"line":25,"column":6},"end":{"line":25,"column":24}},"13":{"start":{"line":26,"column":6},"end":{"line":26,"column":16}},"14":{"start":{"line":30,"column":18},"end":{"line":30,"column":74}},"15":{"start":{"line":32,"column":4},"end":{"line":32,"column":23}},"16":{"start":{"line":36,"column":0},"end":{"line":36,"column":null}}},"fnMap":{"0":{"name":"(anonymous_1)","decl":{"start":{"line":14,"column":16},"end":{"line":14,"column":17}},"loc":{"start":{"line":14,"column":42},"end":{"line":34,"column":1}}},"1":{"name":"(anonymous_2)","decl":{"start":{"line":18,"column":27},"end":{"line":18,"column":28}},"loc":{"start":{"line":18,"column":47},"end":{"line":33,"column":3}}},"2":{"name":"(anonymous_3)","decl":{"start":{"line":20,"column":20},"end":{"line":20,"column":23}},"loc":{"start":{"line":20,"column":25},"end":{"line":23,"column":5}}},"3":{"name":"(anonymous_4)","decl":{"start":{"line":24,"column":21},"end":{"line":24,"column":24}},"loc":{"start":{"line":24,"column":26},"end":{"line":27,"column":5}}}},"branchMap":{},"s":{"0":3,"1":3,"2":3,"3":3,"4":3,"5":3,"6":3,"7":3,"8":3,"9":1,"10":1,"11":3,"12":1,"13":1,"14":3,"15":3,"16":3},"f":{"0":3,"1":3,"2":1,"3":1},"b":{}}
,"D:\\afanti\\demos\\npm_packages\\npm_package_study\\src\\components\\Confirm\\index.vue": {"path":"D:\\afanti\\demos\\npm_packages\\npm_package_study\\src\\components\\Confirm\\index.vue","statementMap":{"0":{"start":{"line":54,"column":0},"end":{"line":54,"column":null}},"1":{"start":{"line":55,"column":0},"end":{"line":55,"column":15}},"2":{"start":{"line":55,"column":20},"end":{"line":55,"column":36}},"3":{"start":{"line":23,"column":0},"end":{"line":23,"column":null}},"4":{"start":{"line":24,"column":0},"end":{"line":24,"column":null}},"5":{"start":{"line":37,"column":0},"end":{"line":37,"column":null}},"6":{"start":{"line":38,"column":16},"end":{"line":38,"column":20}},"7":{"start":{"line":39,"column":0},"end":{"line":39,"column":10}},"8":{"start":{"line":40,"column":2},"end":{"line":40,"column":9}},"9":{"start":{"line":43,"column":15},"end":{"line":45,"column":null}},"10":{"start":{"line":44,"column":2},"end":{"line":44,"column":7}},"11":{"start":{"line":47,"column":16},"end":{"line":49,"column":null}},"12":{"start":{"line":48,"column":2},"end":{"line":48,"column":7}}},"fnMap":{"0":{"name":"(anonymous_4)","decl":{"start":{"line":39,"column":10},"end":{"line":39,"column":null}},"loc":{"start":{"line":39,"column":10},"end":{"line":41,"column":null}}},"1":{"name":"(anonymous_5)","decl":{"start":{"line":43,"column":15},"end":{"line":43,"column":null}},"loc":{"start":{"line":43,"column":15},"end":{"line":45,"column":null}}},"2":{"name":"(anonymous_6)","decl":{"start":{"line":47,"column":16},"end":{"line":47,"column":null}},"loc":{"start":{"line":47,"column":16},"end":{"line":49,"column":null}}}},"branchMap":{"0":{"loc":{"start":{"line":44,"column":2},"end":{"line":44,"column":24}},"type":"binary-expr","locations":[{"start":{"line":44,"column":2},"end":{"line":44,"column":19}},{"start":{"line":44,"column":19},"end":{"line":44,"column":24}}]},"1":{"loc":{"start":{"line":48,"column":2},"end":{"line":48,"column":25}},"type":"binary-expr","locations":[{"start":{"line":48,"column":2},"end":{"line":48,"column":20}},{"start":{"line":48,"column":20},"end":{"line":48,"column":25}}]}},"s":{"0":6,"1":3,"2":3,"3":3,"4":3,"5":2,"6":2,"7":2,"8":2,"9":2,"10":1,"11":2,"12":1},"f":{"0":2,"1":1,"2":1},"b":{"0":[1,1],"1":[1,1]}}
,"D:\\afanti\\demos\\npm_packages\\npm_package_study\\src\\components\\Dialog\\index.vue": {"path":"D:\\afanti\\demos\\npm_packages\\npm_package_study\\src\\components\\Dialog\\index.vue","statementMap":{"0":{"start":{"line":84,"column":0},"end":{"line":84,"column":null}},"1":{"start":{"line":85,"column":0},"end":{"line":85,"column":15}},"2":{"start":{"line":85,"column":20},"end":{"line":85,"column":36}},"3":{"start":{"line":38,"column":0},"end":{"line":38,"column":null}},"4":{"start":{"line":39,"column":0},"end":{"line":39,"column":null}},"5":{"start":{"line":62,"column":0},"end":{"line":62,"column":null}},"6":{"start":{"line":63,"column":14},"end":{"line":66,"column":null}},"7":{"start":{"line":64,"column":2},"end":{"line":64,"column":7}},"8":{"start":{"line":65,"column":2},"end":{"line":65,"column":7}},"9":{"start":{"line":68,"column":15},"end":{"line":71,"column":null}},"10":{"start":{"line":69,"column":2},"end":{"line":69,"column":7}},"11":{"start":{"line":70,"column":2},"end":{"line":70,"column":7}},"12":{"start":{"line":73,"column":16},"end":{"line":76,"column":null}},"13":{"start":{"line":74,"column":2},"end":{"line":74,"column":7}},"14":{"start":{"line":75,"column":2},"end":{"line":75,"column":7}},"15":{"start":{"line":78,"column":0},"end":{"line":78,"column":10}},"16":{"start":{"line":79,"column":2},"end":{"line":79,"column":7}}},"fnMap":{"0":{"name":"(anonymous_4)","decl":{"start":{"line":63,"column":14},"end":{"line":63,"column":null}},"loc":{"start":{"line":63,"column":14},"end":{"line":66,"column":null}}},"1":{"name":"(anonymous_5)","decl":{"start":{"line":68,"column":15},"end":{"line":68,"column":null}},"loc":{"start":{"line":68,"column":15},"end":{"line":71,"column":null}}},"2":{"name":"(anonymous_6)","decl":{"start":{"line":73,"column":16},"end":{"line":73,"column":null}},"loc":{"start":{"line":73,"column":16},"end":{"line":76,"column":null}}},"3":{"name":"(anonymous_7)","decl":{"start":{"line":78,"column":10},"end":{"line":78,"column":null}},"loc":{"start":{"line":78,"column":10},"end":{"line":80,"column":null}}}},"branchMap":{},"s":{"0":6,"1":3,"2":3,"3":3,"4":3,"5":5,"6":5,"7":1,"8":1,"9":5,"10":1,"11":1,"12":5,"13":1,"14":1,"15":5,"16":5},"f":{"0":1,"1":1,"2":1,"3":5},"b":{}}
,"D:\\afanti\\demos\\npm_packages\\npm_package_study\\src\\components\\Message\\index.vue": {"path":"D:\\afanti\\demos\\npm_packages\\npm_package_study\\src\\components\\Message\\index.vue","statementMap":{"0":{"start":{"line":63,"column":0},"end":{"line":63,"column":null}},"1":{"start":{"line":64,"column":0},"end":{"line":64,"column":15}},"2":{"start":{"line":64,"column":20},"end":{"line":64,"column":36}},"3":{"start":{"line":21,"column":0},"end":{"line":21,"column":null}},"4":{"start":{"line":22,"column":0},"end":{"line":22,"column":null}},"5":{"start":{"line":23,"column":0},"end":{"line":23,"column":null}},"6":{"start":{"line":24,"column":0},"end":{"line":24,"column":null}},"7":{"start":{"line":37,"column":13},"end":{"line":37,"column":17}},"8":{"start":{"line":38,"column":0},"end":{"line":38,"column":10}},"9":{"start":{"line":39,"column":2},"end":{"line":39,"column":6}},"10":{"start":{"line":43,"column":14},"end":{"line":43,"column":null}}},"fnMap":{"0":{"name":"(anonymous_4)","decl":{"start":{"line":38,"column":10},"end":{"line":38,"column":null}},"loc":{"start":{"line":38,"column":10},"end":{"line":40,"column":null}}}},"branchMap":{},"s":{"0":8,"1":4,"2":4,"3":4,"4":4,"5":4,"6":4,"7":3,"8":3,"9":3,"10":3},"f":{"0":3},"b":{}}
,"D:\\afanti\\demos\\npm_packages\\npm_package_study\\src\\components\\Message\\message.ts": {"path":"D:\\afanti\\demos\\npm_packages\\npm_package_study\\src\\components\\Message\\message.ts","statementMap":{"0":{"start":{"line":1,"column":0},"end":{"line":1,"column":42}},"1":{"start":{"line":2,"column":0},"end":{"line":2,"column":34}},"2":{"start":{"line":9,"column":12},"end":{"line":9,"column":41}},"3":{"start":{"line":10,"column":0},"end":{"line":10,"column":47}},"4":{"start":{"line":11,"column":0},"end":{"line":11,"column":31}},"5":{"start":{"line":14,"column":27},"end":{"line":14,"column":31}},"6":{"start":{"line":16,"column":18},"end":{"line":26,"column":1}},"7":{"start":{"line":17,"column":25},"end":{"line":17,"column":32}},"8":{"start":{"line":18,"column":16},"end":{"line":18,"column":52}},"9":{"start":{"line":19,"column":2},"end":{"line":19,"column":21}},"10":{"start":{"line":21,"column":2},"end":{"line":21,"column":22}},"11":{"start":{"line":22,"column":2},"end":{"line":25,"column":11}},"12":{"start":{"line":24,"column":4},"end":{"line":24,"column":22}},"13":{"start":{"line":29,"column":0},"end":{"line":31,"column":2}},"14":{"start":{"line":30,"column":2},"end":{"line":30,"column":39}},"15":{"start":{"line":32,"column":0},"end":{"line":34,"column":2}},"16":{"start":{"line":33,"column":2},"end":{"line":33,"column":37}},"17":{"start":{"line":35,"column":0},"end":{"line":37,"column":2}},"18":{"start":{"line":36,"column":2},"end":{"line":36,"column":39}},"19":{"start":{"line":39,"column":0},"end":{"line":39,"column":25}}},"fnMap":{"0":{"name":"(anonymous_1)","decl":{"start":{"line":16,"column":18},"end":{"line":16,"column":19}},"loc":{"start":{"line":16,"column":44},"end":{"line":26,"column":1}}},"1":{"name":"(anonymous_2)","decl":{"start":{"line":22,"column":21},"end":{"line":22,"column":24}},"loc":{"start":{"line":22,"column":26},"end":{"line":25,"column":3}}},"2":{"name":"(anonymous_3)","decl":{"start":{"line":29,"column":20},"end":{"line":29,"column":21}},"loc":{"start":{"line":29,"column":37},"end":{"line":31,"column":1}}},"3":{"name":"(anonymous_4)","decl":{"start":{"line":32,"column":18},"end":{"line":32,"column":19}},"loc":{"start":{"line":32,"column":35},"end":{"line":34,"column":1}}},"4":{"name":"(anonymous_5)","decl":{"start":{"line":35,"column":20},"end":{"line":35,"column":21}},"loc":{"start":{"line":35,"column":37},"end":{"line":37,"column":1}}}},"branchMap":{},"s":{"0":3,"1":3,"2":3,"3":3,"4":3,"5":3,"6":3,"7":2,"8":2,"9":2,"10":2,"11":2,"12":0,"13":3,"14":1,"15":3,"16":0,"17":3,"18":0,"19":3},"f":{"0":2,"1":0,"2":1,"3":0,"4":0},"b":{}}
,"D:\\afanti\\demos\\npm_packages\\npm_package_study\\src\\components\\Notification\\index.vue": {"path":"D:\\afanti\\demos\\npm_packages\\npm_package_study\\src\\components\\Notification\\index.vue","statementMap":{"0":{"start":{"line":31,"column":0},"end":{"line":31,"column":null}},"1":{"start":{"line":32,"column":0},"end":{"line":32,"column":null}},"2":{"start":{"line":33,"column":0},"end":{"line":33,"column":null}},"3":{"start":{"line":34,"column":0},"end":{"line":34,"column":null}},"4":{"start":{"line":35,"column":0},"end":{"line":35,"column":null}},"5":{"start":{"line":37,"column":0},"end":{"line":37,"column":15}},"6":{"start":{"line":87,"column":20},"end":{"line":87,"column":24}},"7":{"start":{"line":88,"column":19},"end":{"line":88,"column":null}},"8":{"start":{"line":110,"column":18},"end":{"line":114,"column":null}},"9":{"start":{"line":111,"column":6},"end":{"line":113,"column":null}},"10":{"start":{"line":112,"column":8},"end":{"line":112,"column":13}},"11":{"start":{"line":115,"column":4},"end":{"line":115,"column":14}},"12":{"start":{"line":115,"column":20},"end":{"line":115,"column":21}},"13":{"start":{"line":116,"column":4},"end":{"line":116,"column":11}}},"fnMap":{"0":{"name":"(anonymous_1)","decl":{"start":{"line":86,"column":7},"end":{"line":86,"column":8}},"loc":{"start":{"line":86,"column":13},"end":{"line":121,"column":null}}},"1":{"name":"(anonymous_2)","decl":{"start":{"line":110,"column":18},"end":{"line":110,"column":null}},"loc":{"start":{"line":110,"column":18},"end":{"line":114,"column":null}}},"2":{"name":"(anonymous_3)","decl":{"start":{"line":115,"column":14},"end":{"line":115,"column":20}},"loc":{"start":{"line":115,"column":14},"end":{"line":115,"column":null}}}},"branchMap":{"0":{"loc":{"start":{"line":111,"column":6},"end":{"line":113,"column":null}},"type":"if","locations":[{"start":{"line":111,"column":6},"end":{"line":113,"column":null}}]}},"s":{"0":2,"1":2,"2":2,"3":2,"4":2,"5":2,"6":4,"7":4,"8":4,"9":3,"10":3,"11":4,"12":4,"13":4},"f":{"0":4,"1":3,"2":4},"b":{"0":[3]}}
,"D:\\afanti\\demos\\npm_packages\\npm_package_study\\src\\components\\Notification\\notify.ts": {"path":"D:\\afanti\\demos\\npm_packages\\npm_package_study\\src\\components\\Notification\\notify.ts","statementMap":{"0":{"start":{"line":19,"column":0},"end":{"line":19,"column":49}},"1":{"start":{"line":20,"column":0},"end":{"line":20,"column":41}},"2":{"start":{"line":43,"column":4},"end":{"line":48,"column":2}},"3":{"start":{"line":50,"column":9},"end":{"line":50,"column":10}},"4":{"start":{"line":51,"column":13},"end":{"line":51,"column":15}},"5":{"start":{"line":52,"column":17},"end":{"line":52,"column":19}},"6":{"start":{"line":53,"column":27},"end":{"line":53,"column":30}},"7":{"start":{"line":60,"column":4},"end":{"line":90,"column":1}},"8":{"start":{"line":62,"column":23},"end":{"line":62,"column":42}},"9":{"start":{"line":63,"column":16},"end":{"line":63,"column":20}},"10":{"start":{"line":64,"column":20},"end":{"line":64,"column":28}},"11":{"start":{"line":65,"column":19},"end":{"line":65,"column":50}},"12":{"start":{"line":66,"column":19},"end":{"line":66,"column":43}},"13":{"start":{"line":68,"column":2},"end":{"line":70,"column":5}},"14":{"start":{"line":69,"column":4},"end":{"line":69,"column":60}},"15":{"start":{"line":71,"column":2},"end":{"line":71,"column":29}},"16":{"start":{"line":72,"column":2},"end":{"line":72,"column":34}},"17":{"start":{"line":75,"column":16},"end":{"line":80,"column":4}},"18":{"start":{"line":79,"column":19},"end":{"line":79,"column":46}},"19":{"start":{"line":81,"column":2},"end":{"line":81,"column":38}},"20":{"start":{"line":82,"column":14},"end":{"line":82,"column":43}},"21":{"start":{"line":83,"column":2},"end":{"line":83,"column":33}},"22":{"start":{"line":84,"column":2},"end":{"line":84,"column":21}},"23":{"start":{"line":86,"column":2},"end":{"line":89,"column":15}},"24":{"start":{"line":87,"column":4},"end":{"line":87,"column":22}},"25":{"start":{"line":88,"column":4},"end":{"line":88,"column":32}},"26":{"start":{"line":92,"column":0},"end":{"line":94,"column":2}},"27":{"start":{"line":93,"column":2},"end":{"line":93,"column":48}},"28":{"start":{"line":95,"column":0},"end":{"line":97,"column":2}},"29":{"start":{"line":96,"column":2},"end":{"line":96,"column":48}},"30":{"start":{"line":98,"column":0},"end":{"line":100,"column":2}},"31":{"start":{"line":99,"column":2},"end":{"line":99,"column":46}},"32":{"start":{"line":101,"column":0},"end":{"line":103,"column":2}},"33":{"start":{"line":102,"column":2},"end":{"line":102,"column":45}},"34":{"start":{"line":110,"column":2},"end":{"line":110,"column":33}},"35":{"start":{"line":111,"column":32},"end":{"line":111,"column":55}},"36":{"start":{"line":112,"column":14},"end":{"line":113,"column":null}},"37":{"start":{"line":113,"column":12},"end":{"line":113,"column":41}},"38":{"start":{"line":115,"column":2},"end":{"line":115,"column":25}},"39":{"start":{"line":115,"column":18},"end":{"line":115,"column":25}},"40":{"start":{"line":117,"column":13},"end":{"line":117,"column":39}},"41":{"start":{"line":118,"column":24},"end":{"line":118,"column":43}},"42":{"start":{"line":120,"column":27},"end":{"line":120,"column":49}},"43":{"start":{"line":121,"column":2},"end":{"line":121,"column":39}},"44":{"start":{"line":122,"column":14},"end":{"line":122,"column":42}},"45":{"start":{"line":123,"column":2},"end":{"line":123,"column":22}},"46":{"start":{"line":123,"column":15},"end":{"line":123,"column":22}},"47":{"start":{"line":125,"column":2},"end":{"line":134,"column":null}},"48":{"start":{"line":125,"column":15},"end":{"line":125,"column":18}},"49":{"start":{"line":126,"column":30},"end":{"line":126,"column":54}},"50":{"start":{"line":128,"column":6},"end":{"line":131,"column":24}},"51":{"start":{"line":133,"column":4},"end":{"line":133,"column":34}},"52":{"start":{"line":105,"column":0},"end":{"line":105,"column":16}},"53":{"start":{"line":137,"column":0},"end":{"line":137,"column":28}}},"fnMap":{"0":{"name":"(anonymous_1)","decl":{"start":{"line":60,"column":4},"end":{"line":60,"column":5}},"loc":{"start":{"line":60,"column":36},"end":{"line":90,"column":1}}},"1":{"name":"(anonymous_2)","decl":{"start":{"line":68,"column":34},"end":{"line":68,"column":35}},"loc":{"start":{"line":68,"column":41},"end":{"line":70,"column":3}}},"2":{"name":"(anonymous_3)","decl":{"start":{"line":79,"column":13},"end":{"line":79,"column":16}},"loc":{"start":{"line":79,"column":19},"end":{"line":79,"column":46}}},"3":{"name":"(anonymous_4)","decl":{"start":{"line":86,"column":13},"end":{"line":86,"column":16}},"loc":{"start":{"line":86,"column":18},"end":{"line":89,"column":3}}},"4":{"name":"(anonymous_5)","decl":{"start":{"line":92,"column":23},"end":{"line":92,"column":24}},"loc":{"start":{"line":92,"column":35},"end":{"line":94,"column":1}}},"5":{"name":"(anonymous_6)","decl":{"start":{"line":95,"column":23},"end":{"line":95,"column":24}},"loc":{"start":{"line":95,"column":35},"end":{"line":97,"column":1}}},"6":{"name":"(anonymous_7)","decl":{"start":{"line":98,"column":21},"end":{"line":98,"column":22}},"loc":{"start":{"line":98,"column":33},"end":{"line":100,"column":1}}},"7":{"name":"(anonymous_8)","decl":{"start":{"line":101,"column":20},"end":{"line":101,"column":21}},"loc":{"start":{"line":101,"column":32},"end":{"line":103,"column":1}}},"8":{"name":"close","decl":{"start":{"line":105,"column":16},"end":{"line":105,"column":21}},"loc":{"start":{"line":108,"column":21},"end":{"line":135,"column":1}}},"9":{"name":"(anonymous_10)","decl":{"start":{"line":113,"column":4},"end":{"line":113,"column":5}},"loc":{"start":{"line":113,"column":12},"end":{"line":113,"column":41}}}},"branchMap":{"0":{"loc":{"start":{"line":62,"column":23},"end":{"line":62,"column":42}},"type":"binary-expr","locations":[{"start":{"line":62,"column":23},"end":{"line":62,"column":37}},{"start":{"line":62,"column":41},"end":{"line":62,"column":42}}]},"1":{"loc":{"start":{"line":65,"column":19},"end":{"line":65,"column":50}},"type":"binary-expr","locations":[{"start":{"line":65,"column":19},"end":{"line":65,"column":35}},{"start":{"line":65,"column":39},"end":{"line":65,"column":50}}]},"2":{"loc":{"start":{"line":66,"column":19},"end":{"line":66,"column":43}},"type":"binary-expr","locations":[{"start":{"line":66,"column":19},"end":{"line":66,"column":35}},{"start":{"line":66,"column":39},"end":{"line":66,"column":43}}]},"3":{"loc":{"start":{"line":69,"column":23},"end":{"line":69,"column":47}},"type":"binary-expr","locations":[{"start":{"line":69,"column":23},"end":{"line":69,"column":42}},{"start":{"line":69,"column":46},"end":{"line":69,"column":47}}]},"4":{"loc":{"start":{"line":115,"column":2},"end":{"line":115,"column":25}},"type":"if","locations":[{"start":{"line":115,"column":2},"end":{"line":115,"column":25}}]},"5":{"loc":{"start":{"line":123,"column":2},"end":{"line":123,"column":22}},"type":"if","locations":[{"start":{"line":123,"column":2},"end":{"line":123,"column":22}}]}},"s":{"0":2,"1":2,"2":2,"3":2,"4":2,"5":2,"6":2,"7":2,"8":4,"9":4,"10":4,"11":4,"12":4,"13":4,"14":0,"15":4,"16":4,"17":4,"18":3,"19":4,"20":4,"21":4,"22":4,"23":4,"24":0,"25":0,"26":2,"27":1,"28":2,"29":0,"30":2,"31":0,"32":2,"33":0,"34":3,"35":3,"36":3,"37":3,"38":3,"39":0,"40":3,"41":3,"42":3,"43":3,"44":3,"45":3,"46":3,"47":0,"48":0,"49":0,"50":0,"51":0,"52":2,"53":2},"f":{"0":4,"1":0,"2":3,"3":0,"4":1,"5":0,"6":0,"7":0,"8":3,"9":3},"b":{"0":[4,3],"1":[4,3],"2":[4,3],"3":[0,0],"4":[0],"5":[3]}}
,"D:\\afanti\\demos\\npm_packages\\npm_package_study\\src\\components\\Skeleton\\index.vue": {"path":"D:\\afanti\\demos\\npm_packages\\npm_package_study\\src\\components\\Skeleton\\index.vue","statementMap":{"0":{"start":{"line":24,"column":0},"end":{"line":24,"column":null}},"1":{"start":{"line":25,"column":0},"end":{"line":25,"column":15}},"2":{"start":{"line":25,"column":20},"end":{"line":25,"column":36}}},"fnMap":{},"branchMap":{},"s":{"0":4,"1":2,"2":2},"f":{},"b":{}}
,"D:\\afanti\\demos\\npm_packages\\npm_package_study\\src\\components\\Svgs\\error.vue": {"path":"D:\\afanti\\demos\\npm_packages\\npm_package_study\\src\\components\\Svgs\\error.vue","statementMap":{"0":{"start":{"line":26,"column":0},"end":{"line":26,"column":null}},"1":{"start":{"line":28,"column":0},"end":{"line":28,"column":15}}},"fnMap":{},"branchMap":{},"s":{"0":5,"1":5},"f":{},"b":{}}
,"D:\\afanti\\demos\\npm_packages\\npm_package_study\\src\\components\\Svgs\\info.vue": {"path":"D:\\afanti\\demos\\npm_packages\\npm_package_study\\src\\components\\Svgs\\info.vue","statementMap":{"0":{"start":{"line":31,"column":0},"end":{"line":31,"column":null}},"1":{"start":{"line":33,"column":0},"end":{"line":33,"column":15}}},"fnMap":{},"branchMap":{},"s":{"0":2,"1":2},"f":{},"b":{}}
,"D:\\afanti\\demos\\npm_packages\\npm_package_study\\src\\components\\Svgs\\success.vue": {"path":"D:\\afanti\\demos\\npm_packages\\npm_package_study\\src\\components\\Svgs\\success.vue","statementMap":{"0":{"start":{"line":26,"column":0},"end":{"line":26,"column":null}},"1":{"start":{"line":28,"column":0},"end":{"line":28,"column":15}}},"fnMap":{},"branchMap":{},"s":{"0":4,"1":4},"f":{},"b":{}}
,"D:\\afanti\\demos\\npm_packages\\npm_package_study\\src\\components\\Svgs\\warning.vue": {"path":"D:\\afanti\\demos\\npm_packages\\npm_package_study\\src\\components\\Svgs\\warning.vue","statementMap":{"0":{"start":{"line":31,"column":0},"end":{"line":31,"column":null}},"1":{"start":{"line":33,"column":0},"end":{"line":33,"column":15}}},"fnMap":{},"branchMap":{},"s":{"0":4,"1":4},"f":{},"b":{}}
}
