{"D:\\afanti\\demos\\npm_packages\\npm_package_study\\src\\components\\Button\\index.vue": {"path":"D:\\afanti\\demos\\npm_packages\\npm_package_study\\src\\components\\Button\\index.vue","statementMap":{"0":{"start":{"line":20,"column":0},"end":{"line":20,"column":null}},"1":{"start":{"line":21,"column":0},"end":{"line":21,"column":15}},"2":{"start":{"line":21,"column":20},"end":{"line":21,"column":36}}},"fnMap":{},"branchMap":{},"s":{"0":2,"1":1,"2":1},"f":{},"b":{}}
,"D:\\afanti\\demos\\npm_packages\\npm_package_study\\src\\components\\Message\\index.vue": {"path":"D:\\afanti\\demos\\npm_packages\\npm_package_study\\src\\components\\Message\\index.vue","statementMap":{"0":{"start":{"line":63,"column":0},"end":{"line":63,"column":null}},"1":{"start":{"line":64,"column":0},"end":{"line":64,"column":15}},"2":{"start":{"line":64,"column":20},"end":{"line":64,"column":36}},"3":{"start":{"line":21,"column":0},"end":{"line":21,"column":null}},"4":{"start":{"line":22,"column":0},"end":{"line":22,"column":null}},"5":{"start":{"line":23,"column":0},"end":{"line":23,"column":null}},"6":{"start":{"line":24,"column":0},"end":{"line":24,"column":null}},"7":{"start":{"line":37,"column":13},"end":{"line":37,"column":17}},"8":{"start":{"line":38,"column":0},"end":{"line":38,"column":10}},"9":{"start":{"line":39,"column":2},"end":{"line":39,"column":6}},"10":{"start":{"line":43,"column":14},"end":{"line":43,"column":null}}},"fnMap":{"0":{"name":"(anonymous_4)","decl":{"start":{"line":38,"column":10},"end":{"line":38,"column":null}},"loc":{"start":{"line":38,"column":10},"end":{"line":40,"column":null}}}},"branchMap":{},"s":{"0":2,"1":1,"2":1,"3":1,"4":1,"5":1,"6":1,"7":2,"8":2,"9":2,"10":2},"f":{"0":2},"b":{}}
,"D:\\afanti\\demos\\npm_packages\\npm_package_study\\src\\components\\Svgs\\error.vue": {"path":"D:\\afanti\\demos\\npm_packages\\npm_package_study\\src\\components\\Svgs\\error.vue","statementMap":{"0":{"start":{"line":26,"column":0},"end":{"line":26,"column":null}},"1":{"start":{"line":28,"column":0},"end":{"line":28,"column":15}}},"fnMap":{},"branchMap":{},"s":{"0":2,"1":2},"f":{},"b":{}}
,"D:\\afanti\\demos\\npm_packages\\npm_package_study\\src\\components\\Svgs\\success.vue": {"path":"D:\\afanti\\demos\\npm_packages\\npm_package_study\\src\\components\\Svgs\\success.vue","statementMap":{"0":{"start":{"line":26,"column":0},"end":{"line":26,"column":null}},"1":{"start":{"line":28,"column":0},"end":{"line":28,"column":15}}},"fnMap":{},"branchMap":{},"s":{"0":1,"1":1},"f":{},"b":{}}
,"D:\\afanti\\demos\\npm_packages\\npm_package_study\\src\\components\\Svgs\\warning.vue": {"path":"D:\\afanti\\demos\\npm_packages\\npm_package_study\\src\\components\\Svgs\\warning.vue","statementMap":{"0":{"start":{"line":31,"column":0},"end":{"line":31,"column":null}},"1":{"start":{"line":33,"column":0},"end":{"line":33,"column":15}}},"fnMap":{},"branchMap":{},"s":{"0":1,"1":1},"f":{},"b":{}}
}
