TN:
SF:src\components\Button\index.vue
FNF:0
FNH:0
DA:20,6
DA:21,3
LF:2
LH:2
BRF:0
BRH:0
end_of_record
TN:
SF:src\components\Confirm\confirm.ts
FN:14,(anonymous_1)
FN:18,(anonymous_2)
FN:20,(anonymous_3)
FN:24,(anonymous_4)
FNF:4
FNH:4
FNDA:3,(anonymous_1)
FNDA:3,(anonymous_2)
FNDA:1,(anonymous_3)
FNDA:1,(anonymous_4)
DA:1,1
DA:2,1
DA:10,1
DA:11,1
DA:12,1
DA:14,1
DA:15,3
DA:18,3
DA:20,3
DA:21,1
DA:22,1
DA:24,3
DA:25,1
DA:26,1
DA:30,3
DA:32,3
DA:36,1
LF:17
LH:17
BRF:0
BRH:0
end_of_record
TN:
SF:src\components\Confirm\index.vue
FN:39,(anonymous_4)
FN:43,(anonymous_5)
FN:47,(anonymous_6)
FNF:3
FNH:3
FNDA:2,(anonymous_4)
FNDA:1,(anonymous_5)
FNDA:1,(anonymous_6)
DA:23,1
DA:24,1
DA:37,2
DA:38,2
DA:39,2
DA:40,2
DA:43,2
DA:44,1
DA:47,2
DA:48,1
DA:54,2
DA:55,1
LF:12
LH:12
BRDA:44,0,0,1
BRDA:44,0,1,1
BRDA:48,1,0,1
BRDA:48,1,1,1
BRF:4
BRH:4
end_of_record
TN:
SF:src\components\Dialog\index.vue
FN:63,(anonymous_4)
FN:68,(anonymous_5)
FN:73,(anonymous_6)
FN:78,(anonymous_7)
FNF:4
FNH:4
FNDA:1,(anonymous_4)
FNDA:1,(anonymous_5)
FNDA:1,(anonymous_6)
FNDA:5,(anonymous_7)
DA:38,1
DA:39,1
DA:62,5
DA:63,5
DA:64,1
DA:65,1
DA:68,5
DA:69,1
DA:70,1
DA:73,5
DA:74,1
DA:75,1
DA:78,5
DA:79,5
DA:84,2
DA:85,1
LF:16
LH:16
BRF:0
BRH:0
end_of_record
TN:
SF:src\components\Message\index.vue
FN:38,(anonymous_4)
FNF:1
FNH:1
FNDA:2,(anonymous_4)
DA:21,1
DA:22,1
DA:23,1
DA:24,1
DA:37,2
DA:38,2
DA:39,2
DA:43,2
DA:63,2
DA:64,1
LF:10
LH:10
BRF:0
BRH:0
end_of_record
TN:
SF:src\components\Svgs\error.vue
FNF:0
FNH:0
DA:26,2
DA:28,2
LF:2
LH:2
BRF:0
BRH:0
end_of_record
TN:
SF:src\components\Svgs\success.vue
FNF:0
FNH:0
DA:26,1
DA:28,1
LF:2
LH:2
BRF:0
BRH:0
end_of_record
TN:
SF:src\components\Svgs\warning.vue
FNF:0
FNH:0
DA:31,1
DA:33,1
LF:2
LH:2
BRF:0
BRH:0
end_of_record
