TN:
SF:src\components\Button\index.vue
FNF:0
FNH:0
DA:20,2
DA:21,1
LF:2
LH:2
BRF:0
BRH:0
end_of_record
TN:
SF:src\components\Message\index.vue
FN:38,(anonymous_4)
FNF:1
FNH:1
FNDA:2,(anonymous_4)
DA:21,1
DA:22,1
DA:23,1
DA:24,1
DA:37,2
DA:38,2
DA:39,2
DA:43,2
DA:63,2
DA:64,1
LF:10
LH:10
BRF:0
BRH:0
end_of_record
TN:
SF:src\components\Svgs\error.vue
FNF:0
FNH:0
DA:26,2
DA:28,2
LF:2
LH:2
BRF:0
BRH:0
end_of_record
TN:
SF:src\components\Svgs\success.vue
FNF:0
FNH:0
DA:26,1
DA:28,1
LF:2
LH:2
BRF:0
BRH:0
end_of_record
TN:
SF:src\components\Svgs\warning.vue
FNF:0
FNH:0
DA:31,1
DA:33,1
LF:2
LH:2
BRF:0
BRH:0
end_of_record
